<?xml version="1.0" encoding="UTF-8" ?>
<testsuites>
  <testsuite errors="0" failures="0" hostname="MacBookPro.local" id="0" name="MainActivityTest" package="com.example" skipped="0" tests="1" time="1.745" timestamp="2015-09-12T14:54:09">
      <properties>
[...]
</properties>

      <testcase classname="com.example.MainActivityTest" name="test_equal" time="1.698" />

      <system-out><![CDATA[Warning: an error occurred while binding shadow class: ShadowNdefMessage
Warning: an error occurred while binding shadow class: ShadowNdefRecord
Warning: an error occurred while binding shadow class: ShadowNfcAdapter
]]></system-out>

      <system-err><![CDATA[]]></system-err>

  </testsuite>
</testsuites>
